23:43:57 **** Incremental Build of configuration Release for project dioda_blink ****
make all 
'Building file: ../main.c'
'Invoking: AVR Compiler'
avr-gcc -Wall -Os -fpack-struct -fshort-enums -ffunction-sections -fdata-sections -std=gnu99 -funsigned-char -funsigned-bitfields -mmcu=atmega88p -DF_CPU=16000000UL -MMD -MP -MF"main.d" -MT"main.o" -c -o "main.o" "../main.c"
'Finished building: ../main.c'
' '
'Building target: dioda_blink.elf'
'Invoking: AVR C Linker'
avr-gcc -Wl,-Map,dioda_blink.map -mmcu=atmega88p -o "dioda_blink.elf"  ./main.o   
'Finished building target: dioda_blink.elf'
' '
'Invoking: AVR Create Extended Listing'
avr-objdump -h -S dioda_blink.elf  >"dioda_blink.lss"
'Finished building: dioda_blink.lss'
' '
'Create Flash image (ihex format)'
avr-objcopy -R .eeprom -R .fuse -R .lock -R .signature -O ihex dioda_blink.elf  "dioda_blink.hex"
'Finished building: dioda_blink.hex'
' '
'Create eeprom image (ihex format)'
avr-objcopy -j .eeprom --no-change-warnings --change-section-lma .eeprom=0 -O ihex dioda_blink.elf  "dioda_blink.eep"
'Finished building: dioda_blink.eep'
' '
'Invoking: Print Size'
avr-size --format=avr --mcu=atmega88p dioda_blink.elf
AVR Memory Usage
----------------
Device: atmega88p

Program:     744 bytes (9.1% Full)
(.text + .data + .bootloader)

Data:          0 bytes (0.0% Full)
(.data + .bss + .noinit)


'Finished building: sizedummy'
' '
